2025-01-13 18:25:18,546 - INFO - Loading model: base
2025-01-13 18:25:18,966 - INFO - Successfully loaded base model
2025-01-13 18:25:34,137 - INFO - Processing audio with duration 00:01.371
2025-01-13 18:25:34,158 - INFO - VAD filter removed 00:00.000 of audio
2025-01-13 18:25:53,267 - INFO - Processing audio with duration 00:03.343
2025-01-13 18:25:53,277 - INFO - VAD filter removed 00:00.000 of audio
2025-01-13 18:26:00,214 - INFO - Nothing to undo (no history)
2025-01-13 18:30:59,534 - INFO - Loading model: base
2025-01-13 18:30:59,954 - INFO - Successfully loaded base model
2025-01-13 18:32:12,661 - INFO - Processing audio with duration 00:01.192
2025-01-13 18:32:12,682 - INFO - VAD filter removed 00:00.000 of audio
2025-01-13 18:32:22,772 - INFO - Processing audio with duration 00:02.595
2025-01-13 18:32:22,805 - INFO - VAD filter removed 00:00.000 of audio
2025-01-13 18:33:20,862 - INFO - Loading model: base
2025-01-13 18:33:21,325 - INFO - Successfully loaded base model
2025-01-13 18:34:23,084 - INFO - Processing audio with duration 00:03.428
2025-01-13 18:34:23,112 - INFO - VAD filter removed 00:00.000 of audio
2025-01-13 18:35:02,382 - INFO - Nothing to undo (no history)
2025-01-13 18:35:08,068 - INFO - Nothing to undo (no history)
2025-01-13 18:35:39,770 - DEBUG - Logging initialized at DEBUG level
2025-01-13 18:35:39,774 - INFO - Loading model: base
2025-01-13 18:35:39,774 - DEBUG - Cache directory set to: /tmp/huggingface
2025-01-13 18:35:39,781 - DEBUG - Initializing Whisper model...
2025-01-13 18:35:39,782 - DEBUG - Starting new HTTPS connection (1): huggingface.co:443
2025-01-13 18:35:39,959 - DEBUG - https://huggingface.co:443 "GET /api/models/Systran/faster-whisper-base/revision/main HTTP/11" 200 1849
2025-01-13 18:35:40,196 - INFO - Successfully loaded base model
2025-01-13 18:35:40,196 - DEBUG - Model details: <faster_whisper.transcribe.WhisperModel object at 0x7fdf80bc6cc0>
2025-01-13 18:35:51,196 - INFO - Processing audio with duration 00:02.439
2025-01-13 18:35:51,221 - INFO - VAD filter removed 00:00.000 of audio
2025-01-13 18:35:51,221 - DEBUG - VAD filter kept the following audio segments: [00:00.000 -> 00:02.439]
2025-01-13 18:35:51,224 - DEBUG - Processing segment at 00:00.000
2025-01-13 18:35:58,479 - DEBUG - Undo requested. History length: 0, Index: -1
2025-01-13 18:35:58,479 - INFO - Nothing to undo (no history)
2025-01-13 18:35:58,480 - DEBUG - History state: []
2025-01-13 18:36:04,056 - DEBUG - Undo requested. History length: 0, Index: -1
2025-01-13 18:36:04,057 - INFO - Nothing to undo (no history)
2025-01-13 18:36:04,057 - DEBUG - History state: []
2025-01-13 18:37:00,298 - DEBUG - Logging initialized at DEBUG level
2025-01-13 18:37:00,302 - INFO - Loading model: base
2025-01-13 18:37:00,302 - DEBUG - Cache directory set to: /tmp/huggingface
2025-01-13 18:37:00,308 - DEBUG - Initializing Whisper model...
2025-01-13 18:37:00,309 - DEBUG - Starting new HTTPS connection (1): huggingface.co:443
2025-01-13 18:37:00,528 - DEBUG - https://huggingface.co:443 "GET /api/models/Systran/faster-whisper-base/revision/main HTTP/11" 200 1849
2025-01-13 18:37:00,764 - INFO - Successfully loaded base model
2025-01-13 18:37:00,764 - DEBUG - Model details: <faster_whisper.transcribe.WhisperModel object at 0x7b94b53cf2c0>
2025-01-13 18:37:18,399 - INFO - Processing audio with duration 00:02.813
2025-01-13 18:37:18,424 - INFO - VAD filter removed 00:00.000 of audio
2025-01-13 18:37:18,424 - DEBUG - VAD filter kept the following audio segments: [00:00.000 -> 00:02.813]
2025-01-13 18:37:18,427 - DEBUG - Processing segment at 00:00.000
2025-01-13 18:37:22,647 - DEBUG - Undo requested. History length: 0, Index: -1
2025-01-13 18:37:22,647 - INFO - Nothing to undo (no history)
2025-01-13 18:37:22,647 - DEBUG - History state: []
2025-01-13 18:37:26,030 - DEBUG - Undo requested. History length: 0, Index: -1
2025-01-13 18:37:26,030 - INFO - Nothing to undo (no history)
2025-01-13 18:37:26,030 - DEBUG - History state: []
2025-01-13 18:38:25,623 - DEBUG - Logging initialized at DEBUG level
2025-01-13 18:38:25,627 - INFO - Loading model: base
2025-01-13 18:38:25,627 - DEBUG - Cache directory set to: /tmp/huggingface
2025-01-13 18:38:25,633 - DEBUG - Initializing Whisper model...
2025-01-13 18:38:25,634 - DEBUG - Starting new HTTPS connection (1): huggingface.co:443
2025-01-13 18:38:25,801 - DEBUG - https://huggingface.co:443 "GET /api/models/Systran/faster-whisper-base/revision/main HTTP/11" 200 1849
2025-01-13 18:38:26,048 - INFO - Successfully loaded base model
2025-01-13 18:38:26,048 - DEBUG - Model details: <faster_whisper.transcribe.WhisperModel object at 0x7e80ba2cf170>
2025-01-13 18:38:37,438 - INFO - Processing audio with duration 00:03.441
2025-01-13 18:38:37,466 - INFO - VAD filter removed 00:00.000 of audio
2025-01-13 18:38:37,466 - DEBUG - VAD filter kept the following audio segments: [00:00.000 -> 00:03.441]
2025-01-13 18:38:37,470 - DEBUG - Processing segment at 00:00.000
2025-01-13 18:40:24,875 - DEBUG - Logging initialized at DEBUG level
2025-01-13 18:40:24,880 - INFO - Loading model: base
2025-01-13 18:40:24,880 - DEBUG - Cache directory set to: /tmp/huggingface
2025-01-13 18:40:24,885 - DEBUG - Initializing Whisper model...
2025-01-13 18:40:24,887 - DEBUG - Starting new HTTPS connection (1): huggingface.co:443
2025-01-13 18:40:25,181 - DEBUG - https://huggingface.co:443 "GET /api/models/Systran/faster-whisper-base/revision/main HTTP/11" 200 1849
2025-01-13 18:40:25,458 - INFO - Successfully loaded base model
2025-01-13 18:40:25,458 - DEBUG - Model details: <faster_whisper.transcribe.WhisperModel object at 0x7e96557e8350>
2025-01-13 18:40:37,626 - INFO - Processing audio with duration 00:02.825
2025-01-13 18:40:37,651 - INFO - VAD filter removed 00:00.000 of audio
2025-01-13 18:40:37,651 - DEBUG - VAD filter kept the following audio segments: [00:00.000 -> 00:02.825]
2025-01-13 18:40:37,655 - DEBUG - Processing segment at 00:00.000
2025-01-13 18:40:38,165 - DEBUG - Initialized text history
2025-01-13 18:40:43,086 - DEBUG - Undo requested. History length: 1, Index: 0
2025-01-13 18:40:43,086 - INFO - Nothing to undo (no history)
2025-01-13 18:40:43,087 - DEBUG - History state: ['running out of creative things to save to transcribe.']
2025-01-13 18:40:44,633 - DEBUG - Undo requested. History length: 1, Index: 0
2025-01-13 18:40:44,633 - INFO - Nothing to undo (no history)
2025-01-13 18:40:44,634 - DEBUG - History state: ['running out of creative things to save to transcribe.']
2025-01-13 18:42:12,332 - DEBUG - Logging initialized at DEBUG level
2025-01-13 18:42:12,336 - INFO - Loading model: base
2025-01-13 18:42:12,336 - DEBUG - Cache directory set to: /tmp/huggingface
2025-01-13 18:42:12,341 - DEBUG - Initializing Whisper model...
2025-01-13 18:42:12,343 - DEBUG - Starting new HTTPS connection (1): huggingface.co:443
2025-01-13 18:42:12,504 - DEBUG - https://huggingface.co:443 "GET /api/models/Systran/faster-whisper-base/revision/main HTTP/11" 200 1849
2025-01-13 18:42:12,745 - INFO - Successfully loaded base model
2025-01-13 18:42:12,745 - DEBUG - Model details: <faster_whisper.transcribe.WhisperModel object at 0x7f97939e4620>
2025-01-13 18:42:24,793 - INFO - Processing audio with duration 00:01.872
2025-01-13 18:42:24,857 - INFO - VAD filter removed 00:00.000 of audio
2025-01-13 18:42:24,857 - DEBUG - VAD filter kept the following audio segments: [00:00.000 -> 00:01.872]
2025-01-13 18:42:24,861 - DEBUG - Processing segment at 00:00.000
2025-01-13 18:42:25,368 - DEBUG - Initialized text history
2025-01-13 18:42:31,513 - DEBUG - Undo requested. History length: 1, Index: 0
2025-01-13 18:42:31,514 - INFO - At initial state (nothing to undo)
2025-01-13 18:43:49,226 - DEBUG - Logging initialized at DEBUG level
2025-01-13 18:43:49,230 - INFO - Loading model: base
2025-01-13 18:43:49,230 - DEBUG - Cache directory set to: /tmp/huggingface
2025-01-13 18:43:49,238 - DEBUG - Initializing Whisper model...
2025-01-13 18:43:49,239 - DEBUG - Starting new HTTPS connection (1): huggingface.co:443
2025-01-13 18:43:54,461 - DEBUG - https://huggingface.co:443 "GET /api/models/Systran/faster-whisper-base/revision/main HTTP/11" 200 1849
2025-01-13 18:43:54,732 - INFO - Successfully loaded base model
2025-01-13 18:43:54,732 - DEBUG - Model details: <faster_whisper.transcribe.WhisperModel object at 0x7211cede0320>
2025-01-13 18:56:36,332 - INFO - Processing audio with duration 00:00.634
2025-01-13 18:56:36,391 - INFO - VAD filter removed 00:00.634 of audio
2025-01-13 18:56:36,391 - DEBUG - VAD filter kept the following audio segments: 
2025-01-13 18:56:44,864 - INFO - Processing audio with duration 00:01.375
2025-01-13 18:56:44,867 - INFO - VAD filter removed 00:00.144 of audio
2025-01-13 18:56:44,867 - DEBUG - VAD filter kept the following audio segments: [00:00.144 -> 00:01.375]
2025-01-13 18:56:44,869 - DEBUG - Processing segment at 00:00.000
2025-01-13 18:56:45,335 - DEBUG - Initialized text history
2025-01-13 18:56:45,335 - DEBUG - Text state saved after transcription. History length: 1
2025-01-13 18:56:49,843 - DEBUG - Undo requested. History length: 1, Index: 0
2025-01-13 18:56:49,844 - INFO - At initial state (nothing to undo)
2025-01-13 18:58:12,652 - DEBUG - Logging initialized at DEBUG level
2025-01-13 18:58:12,655 - INFO - Loading model: base
2025-01-13 18:58:12,656 - DEBUG - Cache directory set to: /tmp/huggingface
2025-01-13 18:58:12,662 - DEBUG - Initializing Whisper model...
2025-01-13 18:58:12,663 - DEBUG - Starting new HTTPS connection (1): huggingface.co:443
2025-01-13 18:58:12,851 - DEBUG - https://huggingface.co:443 "GET /api/models/Systran/faster-whisper-base/revision/main HTTP/11" 200 1849
2025-01-13 18:58:13,123 - INFO - Successfully loaded base model
2025-01-13 18:58:13,123 - DEBUG - Model details: <faster_whisper.transcribe.WhisperModel object at 0x75f0839e0aa0>
2025-01-13 18:58:23,562 - INFO - Processing audio with duration 00:01.391
2025-01-13 18:58:23,583 - INFO - VAD filter removed 00:00.000 of audio
2025-01-13 18:58:23,583 - DEBUG - VAD filter kept the following audio segments: [00:00.000 -> 00:01.391]
2025-01-13 18:58:23,586 - DEBUG - Processing segment at 00:00.000
2025-01-13 18:58:24,035 - DEBUG - Initialized text history
2025-01-13 18:58:24,035 - DEBUG - Text state saved after transcription. History length: 1
2025-01-13 18:58:28,759 - DEBUG - Undo requested. History length: 1, Index: 0
2025-01-13 18:58:28,759 - INFO - Text cleared (initial state)
2025-01-13 18:58:28,759 - DEBUG - Cleared text and reset history
