2025-01-13 16:29:12,530 - DEBUG - Starting new HTTPS connection (1): huggingface.co:443
2025-01-13 16:29:12,704 - DEBUG - https://huggingface.co:443 "GET /api/models/Systran/faster-whisper-base/revision/main HTTP/11" 200 1849
2025-01-13 16:29:14,612 - DEBUG - AudioRecorder thread started
2025-01-13 16:29:14,822 - DEBUG - Recording audio frame: 341 samples
2025-01-13 16:29:14,865 - DEBUG - Recording audio frame: 342 samples
2025-01-13 16:29:14,865 - DEBUG - Recording audio frame: 340 samples
2025-01-13 16:29:14,907 - DEBUG - Recording audio frame: 1 samples
2025-01-13 16:29:14,907 - DEBUG - Recording audio frame: 342 samples
2025-01-13 16:29:14,907 - DEBUG - Recording audio frame: 339 samples
2025-01-13 16:29:14,950 - DEBUG - Recording audio frame: 342 samples
2025-01-13 16:29:14,950 - DEBUG - Recording audio frame: 1 samples
2025-01-13 16:29:14,950 - DEBUG - Recording audio frame: 339 samples
2025-01-13 16:29:14,992 - DEBUG - Recording audio frame: 342 samples
2025-01-13 16:29:14,993 - DEBUG - Recording audio frame: 340 samples
2025-01-13 16:29:15,035 - DEBUG - Recording audio frame: 3 samples
2025-01-13 16:29:15,035 - DEBUG - Recording audio frame: 342 samples
2025-01-13 16:29:15,035 - DEBUG - Recording audio frame: 337 samples
2025-01-13 16:29:15,078 - DEBUG - Recording audio frame: 342 samples
2025-01-13 16:29:15,078 - DEBUG - Recording audio frame: 3 samples
2025-01-13 16:29:15,078 - DEBUG - Recording audio frame: 337 samples
2025-01-13 16:29:15,120 - DEBUG - Recording audio frame: 342 samples
2025-01-13 16:29:15,120 - DEBUG - Recording audio frame: 340 samples
2025-01-13 16:29:15,163 - DEBUG - Recording audio frame: 5 samples
2025-01-13 16:29:15,164 - DEBUG - Recording audio frame: 342 samples
2025-01-13 16:29:15,164 - DEBUG - Recording audio frame: 335 samples
2025-01-13 16:29:15,206 - DEBUG - Recording audio frame: 342 samples
2025-01-13 16:29:15,206 - DEBUG - Recording audio frame: 5 samples
2025-01-13 16:29:15,207 - DEBUG - Recording audio frame: 335 samples
2025-01-13 16:29:15,249 - DEBUG - Recording audio frame: 342 samples
2025-01-13 16:29:15,249 - DEBUG - Recording audio frame: 340 samples
2025-01-13 16:29:15,291 - DEBUG - Recording audio frame: 7 samples
2025-01-13 16:29:15,291 - DEBUG - Recording audio frame: 342 samples
2025-01-13 16:29:15,291 - DEBUG - Recording audio frame: 333 samples
2025-01-13 16:29:15,334 - DEBUG - Recording audio frame: 342 samples
2025-01-13 16:29:15,335 - DEBUG - Recording audio frame: 7 samples
2025-01-13 16:29:15,335 - DEBUG - Recording audio frame: 333 samples
2025-01-13 16:29:15,376 - DEBUG - Recording audio frame: 342 samples
2025-01-13 16:29:15,376 - DEBUG - Recording audio frame: 340 samples
2025-01-13 16:29:15,419 - DEBUG - Recording audio frame: 9 samples
2025-01-13 16:29:15,420 - DEBUG - Recording audio frame: 342 samples
2025-01-13 16:29:15,420 - DEBUG - Recording audio frame: 331 samples
2025-01-13 16:29:15,462 - DEBUG - Recording audio frame: 342 samples
2025-01-13 16:29:15,462 - DEBUG - Recording audio frame: 9 samples
2025-01-13 16:29:15,463 - DEBUG - Recording audio frame: 331 samples
2025-01-13 16:29:15,505 - DEBUG - Recording audio frame: 342 samples
2025-01-13 16:29:15,505 - DEBUG - Recording audio frame: 340 samples
2025-01-13 16:29:15,547 - DEBUG - Recording audio frame: 11 samples
2025-01-13 16:29:15,547 - DEBUG - Recording audio frame: 342 samples
2025-01-13 16:29:15,548 - DEBUG - Recording audio frame: 329 samples
2025-01-13 16:29:15,590 - DEBUG - Recording audio frame: 342 samples
2025-01-13 16:29:15,590 - DEBUG - Recording audio frame: 11 samples
2025-01-13 16:29:15,590 - DEBUG - Recording audio frame: 329 samples
2025-01-13 16:29:15,633 - DEBUG - Recording audio frame: 342 samples
2025-01-13 16:29:15,633 - DEBUG - Recording audio frame: 340 samples
2025-01-13 16:29:15,675 - DEBUG - Recording audio frame: 13 samples
2025-01-13 16:29:15,675 - DEBUG - Recording audio frame: 342 samples
2025-01-13 16:29:15,676 - DEBUG - Recording audio frame: 327 samples
2025-01-13 16:29:15,718 - DEBUG - Recording audio frame: 342 samples
2025-01-13 16:29:15,718 - DEBUG - Recording audio frame: 13 samples
2025-01-13 16:29:15,718 - DEBUG - Recording audio frame: 327 samples
2025-01-13 16:29:15,761 - DEBUG - Recording audio frame: 342 samples
2025-01-13 16:29:15,761 - DEBUG - Recording audio frame: 340 samples
2025-01-13 16:29:15,803 - DEBUG - Recording audio frame: 15 samples
2025-01-13 16:29:15,803 - DEBUG - Recording audio frame: 342 samples
2025-01-13 16:29:15,804 - DEBUG - Recording audio frame: 325 samples
2025-01-13 16:29:15,845 - DEBUG - Recording audio frame: 342 samples
2025-01-13 16:29:15,846 - DEBUG - Recording audio frame: 15 samples
2025-01-13 16:29:15,846 - DEBUG - Recording audio frame: 325 samples
2025-01-13 16:29:15,888 - DEBUG - Recording audio frame: 342 samples
2025-01-13 16:29:15,888 - DEBUG - Recording audio frame: 340 samples
2025-01-13 16:29:15,931 - DEBUG - Recording audio frame: 17 samples
2025-01-13 16:29:15,932 - DEBUG - Recording audio frame: 342 samples
2025-01-13 16:29:15,932 - DEBUG - Recording audio frame: 323 samples
2025-01-13 16:29:15,974 - DEBUG - Recording audio frame: 342 samples
2025-01-13 16:29:15,974 - DEBUG - Recording audio frame: 17 samples
2025-01-13 16:29:15,975 - DEBUG - Recording audio frame: 323 samples
2025-01-13 16:29:16,017 - DEBUG - Recording audio frame: 342 samples
2025-01-13 16:29:16,017 - DEBUG - Recording audio frame: 340 samples
2025-01-13 16:29:16,059 - DEBUG - Recording audio frame: 19 samples
2025-01-13 16:29:16,060 - DEBUG - Recording audio frame: 342 samples
2025-01-13 16:29:16,060 - DEBUG - Recording audio frame: 321 samples
2025-01-13 16:29:16,102 - DEBUG - Recording audio frame: 342 samples
2025-01-13 16:29:16,102 - DEBUG - Recording audio frame: 19 samples
2025-01-13 16:29:16,103 - DEBUG - Recording audio frame: 321 samples
2025-01-13 16:29:16,145 - DEBUG - Recording audio frame: 342 samples
2025-01-13 16:29:16,145 - DEBUG - Recording audio frame: 340 samples
2025-01-13 16:29:16,187 - DEBUG - Recording audio frame: 21 samples
2025-01-13 16:29:16,188 - DEBUG - Recording audio frame: 342 samples
2025-01-13 16:29:16,188 - DEBUG - Recording audio frame: 319 samples
2025-01-13 16:29:16,230 - DEBUG - Recording audio frame: 342 samples
2025-01-13 16:29:16,230 - DEBUG - Recording audio frame: 21 samples
2025-01-13 16:29:16,231 - DEBUG - Recording audio frame: 319 samples
2025-01-13 16:29:16,273 - DEBUG - Recording audio frame: 342 samples
2025-01-13 16:29:16,273 - DEBUG - Recording audio frame: 340 samples
2025-01-13 16:29:16,315 - DEBUG - Recording audio frame: 23 samples
2025-01-13 16:29:16,316 - DEBUG - Recording audio frame: 342 samples
2025-01-13 16:29:16,316 - DEBUG - Recording audio frame: 317 samples
2025-01-13 16:29:16,358 - DEBUG - Recording audio frame: 342 samples
2025-01-13 16:29:16,358 - DEBUG - Recording audio frame: 23 samples
2025-01-13 16:29:16,358 - DEBUG - Recording audio frame: 317 samples
2025-01-13 16:29:16,400 - DEBUG - Recording audio frame: 342 samples
2025-01-13 16:29:16,401 - DEBUG - Recording audio frame: 340 samples
2025-01-13 16:29:16,443 - DEBUG - Recording audio frame: 25 samples
2025-01-13 16:29:16,443 - DEBUG - Recording audio frame: 342 samples
2025-01-13 16:29:16,444 - DEBUG - Recording audio frame: 315 samples
2025-01-13 16:29:16,486 - DEBUG - Recording audio frame: 342 samples
2025-01-13 16:29:16,486 - DEBUG - Recording audio frame: 25 samples
2025-01-13 16:29:16,486 - DEBUG - Recording audio frame: 315 samples
2025-01-13 16:29:16,528 - DEBUG - Recording audio frame: 342 samples
2025-01-13 16:29:16,529 - DEBUG - Recording audio frame: 340 samples
2025-01-13 16:29:16,571 - DEBUG - Recording audio frame: 27 samples
2025-01-13 16:29:16,572 - DEBUG - Recording audio frame: 342 samples
2025-01-13 16:29:16,572 - DEBUG - Recording audio frame: 313 samples
2025-01-13 16:29:16,614 - DEBUG - Recording audio frame: 342 samples
2025-01-13 16:29:16,614 - DEBUG - Recording audio frame: 27 samples
2025-01-13 16:29:16,614 - DEBUG - Recording audio frame: 313 samples
2025-01-13 16:29:16,656 - DEBUG - Recording audio frame: 342 samples
2025-01-13 16:29:16,656 - DEBUG - Recording audio frame: 340 samples
2025-01-13 16:29:16,699 - DEBUG - Recording audio frame: 29 samples
2025-01-13 16:29:16,700 - DEBUG - Recording audio frame: 342 samples
2025-01-13 16:29:16,700 - DEBUG - Recording audio frame: 311 samples
2025-01-13 16:29:16,742 - DEBUG - Recording audio frame: 342 samples
2025-01-13 16:29:16,742 - DEBUG - Recording audio frame: 29 samples
2025-01-13 16:29:16,743 - DEBUG - Recording audio frame: 311 samples
2025-01-13 16:29:16,785 - DEBUG - Recording audio frame: 342 samples
2025-01-13 16:29:16,785 - DEBUG - Recording audio frame: 340 samples
2025-01-13 16:29:16,827 - DEBUG - Recording audio frame: 31 samples
2025-01-13 16:29:16,828 - DEBUG - Recording audio frame: 342 samples
2025-01-13 16:29:16,828 - DEBUG - Recording audio frame: 309 samples
2025-01-13 16:29:16,870 - DEBUG - Recording audio frame: 342 samples
2025-01-13 16:29:16,870 - DEBUG - Recording audio frame: 31 samples
2025-01-13 16:29:16,870 - DEBUG - Recording audio frame: 309 samples
2025-01-13 16:29:16,912 - DEBUG - Recording audio frame: 342 samples
2025-01-13 16:29:16,913 - DEBUG - Recording audio frame: 340 samples
2025-01-13 16:29:16,955 - DEBUG - Recording audio frame: 33 samples
2025-01-13 16:29:16,955 - DEBUG - Recording audio frame: 342 samples
2025-01-13 16:29:16,956 - DEBUG - Recording audio frame: 307 samples
2025-01-13 16:29:16,998 - DEBUG - Recording audio frame: 342 samples
2025-01-13 16:29:16,998 - DEBUG - Recording audio frame: 33 samples
2025-01-13 16:29:16,998 - DEBUG - Recording audio frame: 307 samples
2025-01-13 16:29:17,040 - DEBUG - Recording audio frame: 342 samples
2025-01-13 16:29:17,041 - DEBUG - Recording audio frame: 340 samples
2025-01-13 16:29:17,083 - DEBUG - Recording audio frame: 35 samples
2025-01-13 16:29:17,083 - DEBUG - Recording audio frame: 342 samples
2025-01-13 16:29:17,083 - DEBUG - Recording audio frame: 305 samples
2025-01-13 16:29:17,125 - DEBUG - Recording audio frame: 342 samples
2025-01-13 16:29:17,126 - DEBUG - Recording audio frame: 35 samples
2025-01-13 16:29:17,126 - DEBUG - Recording audio frame: 305 samples
2025-01-13 16:29:17,169 - DEBUG - Recording audio frame: 342 samples
2025-01-13 16:29:17,169 - DEBUG - Recording audio frame: 340 samples
2025-01-13 16:29:17,211 - DEBUG - Recording audio frame: 37 samples
2025-01-13 16:29:17,212 - DEBUG - Recording audio frame: 342 samples
2025-01-13 16:29:17,212 - DEBUG - Recording audio frame: 303 samples
2025-01-13 16:29:17,254 - DEBUG - Recording audio frame: 342 samples
2025-01-13 16:29:17,254 - DEBUG - Recording audio frame: 37 samples
2025-01-13 16:29:17,255 - DEBUG - Recording audio frame: 303 samples
2025-01-13 16:29:17,297 - DEBUG - Recording audio frame: 342 samples
2025-01-13 16:29:17,297 - DEBUG - Recording audio frame: 340 samples
2025-01-13 16:29:17,339 - DEBUG - Recording audio frame: 39 samples
2025-01-13 16:29:17,339 - DEBUG - Recording audio frame: 342 samples
2025-01-13 16:29:17,339 - DEBUG - Recording audio frame: 301 samples
2025-01-13 16:29:17,382 - DEBUG - Recording audio frame: 342 samples
2025-01-13 16:29:17,382 - DEBUG - Recording audio frame: 39 samples
2025-01-13 16:29:17,382 - DEBUG - Recording audio frame: 301 samples
2025-01-13 16:29:17,424 - DEBUG - Recording audio frame: 342 samples
2025-01-13 16:29:17,425 - DEBUG - Recording audio frame: 340 samples
2025-01-13 16:29:17,468 - DEBUG - Processing 163 audio chunks
2025-01-13 16:29:17,469 - DEBUG - Audio array shape: (41943, 1)
2025-01-13 16:29:17,470 - INFO - Processing audio with duration 00:02.621
2025-01-13 16:29:17,476 - DEBUG - Processing segment at 00:00.000
2025-01-13 16:29:19,334 - DEBUG - Compression ratio threshold is not met with temperature 0.0 (18.163265 > 2.400000)
2025-01-13 16:29:20,431 - DEBUG - Compression ratio threshold is not met with temperature 0.2 (14.150000 > 2.400000)
2025-01-13 16:29:20,575 - DEBUG - Transcription complete:  So
2025-01-13 16:29:20,576 - DEBUG - Received transcription signal with text: So
2025-01-13 16:29:20,576 - DEBUG - Updating UI with text: So
2025-01-13 16:29:20,576 - DEBUG - UI update complete
2025-01-13 16:29:25,712 - DEBUG - AudioRecorder thread started
2025-01-13 16:29:25,925 - DEBUG - Recording audio frame: 341 samples
2025-01-13 16:29:25,947 - DEBUG - Recording audio frame: 341 samples
2025-01-13 16:29:25,990 - DEBUG - Recording audio frame: 342 samples
2025-01-13 16:29:25,990 - DEBUG - Recording audio frame: 340 samples
2025-01-13 16:29:26,033 - DEBUG - Recording audio frame: 342 samples
2025-01-13 16:29:26,033 - DEBUG - Recording audio frame: 340 samples
2025-01-13 16:29:26,075 - DEBUG - Recording audio frame: 2 samples
2025-01-13 16:29:26,076 - DEBUG - Recording audio frame: 342 samples
2025-01-13 16:29:26,076 - DEBUG - Recording audio frame: 338 samples
2025-01-13 16:29:26,118 - DEBUG - Recording audio frame: 342 samples
2025-01-13 16:29:26,118 - DEBUG - Recording audio frame: 2 samples
2025-01-13 16:29:26,118 - DEBUG - Recording audio frame: 338 samples
2025-01-13 16:29:26,161 - DEBUG - Recording audio frame: 342 samples
2025-01-13 16:29:26,161 - DEBUG - Recording audio frame: 340 samples
2025-01-13 16:29:26,203 - DEBUG - Recording audio frame: 4 samples
2025-01-13 16:29:26,203 - DEBUG - Recording audio frame: 342 samples
2025-01-13 16:29:26,203 - DEBUG - Recording audio frame: 336 samples
2025-01-13 16:29:26,246 - DEBUG - Recording audio frame: 342 samples
2025-01-13 16:29:26,246 - DEBUG - Recording audio frame: 4 samples
2025-01-13 16:29:26,246 - DEBUG - Recording audio frame: 336 samples
2025-01-13 16:29:26,289 - DEBUG - Recording audio frame: 342 samples
2025-01-13 16:29:26,289 - DEBUG - Recording audio frame: 340 samples
2025-01-13 16:29:26,331 - DEBUG - Recording audio frame: 6 samples
2025-01-13 16:29:26,331 - DEBUG - Recording audio frame: 342 samples
2025-01-13 16:29:26,331 - DEBUG - Recording audio frame: 334 samples
2025-01-13 16:29:26,374 - DEBUG - Recording audio frame: 342 samples
2025-01-13 16:29:26,374 - DEBUG - Recording audio frame: 6 samples
2025-01-13 16:29:26,374 - DEBUG - Recording audio frame: 334 samples
2025-01-13 16:29:26,416 - DEBUG - Recording audio frame: 342 samples
2025-01-13 16:29:26,417 - DEBUG - Recording audio frame: 340 samples
2025-01-13 16:29:26,459 - DEBUG - Recording audio frame: 8 samples
2025-01-13 16:29:26,460 - DEBUG - Recording audio frame: 342 samples
2025-01-13 16:29:26,460 - DEBUG - Recording audio frame: 332 samples
2025-01-13 16:29:26,502 - DEBUG - Recording audio frame: 342 samples
2025-01-13 16:29:26,502 - DEBUG - Recording audio frame: 8 samples
2025-01-13 16:29:26,502 - DEBUG - Recording audio frame: 332 samples
2025-01-13 16:29:26,544 - DEBUG - Recording audio frame: 342 samples
2025-01-13 16:29:26,545 - DEBUG - Recording audio frame: 340 samples
2025-01-13 16:29:26,587 - DEBUG - Recording audio frame: 10 samples
2025-01-13 16:29:26,587 - DEBUG - Recording audio frame: 342 samples
2025-01-13 16:29:26,588 - DEBUG - Recording audio frame: 330 samples
2025-01-13 16:29:26,630 - DEBUG - Recording audio frame: 342 samples
2025-01-13 16:29:26,630 - DEBUG - Recording audio frame: 10 samples
2025-01-13 16:29:26,630 - DEBUG - Recording audio frame: 330 samples
2025-01-13 16:29:26,673 - DEBUG - Recording audio frame: 342 samples
2025-01-13 16:29:26,673 - DEBUG - Recording audio frame: 340 samples
2025-01-13 16:29:26,715 - DEBUG - Recording audio frame: 12 samples
2025-01-13 16:29:26,716 - DEBUG - Recording audio frame: 342 samples
2025-01-13 16:29:26,716 - DEBUG - Recording audio frame: 328 samples
2025-01-13 16:29:26,758 - DEBUG - Recording audio frame: 342 samples
2025-01-13 16:29:26,759 - DEBUG - Recording audio frame: 12 samples
2025-01-13 16:29:26,759 - DEBUG - Recording audio frame: 328 samples
2025-01-13 16:29:26,800 - DEBUG - Recording audio frame: 342 samples
2025-01-13 16:29:26,801 - DEBUG - Recording audio frame: 340 samples
2025-01-13 16:29:26,843 - DEBUG - Recording audio frame: 14 samples
2025-01-13 16:29:26,844 - DEBUG - Recording audio frame: 342 samples
2025-01-13 16:29:26,844 - DEBUG - Recording audio frame: 326 samples
2025-01-13 16:29:26,886 - DEBUG - Recording audio frame: 342 samples
2025-01-13 16:29:26,886 - DEBUG - Recording audio frame: 14 samples
2025-01-13 16:29:26,886 - DEBUG - Recording audio frame: 326 samples
2025-01-13 16:29:26,929 - DEBUG - Recording audio frame: 342 samples
2025-01-13 16:29:26,929 - DEBUG - Recording audio frame: 340 samples
2025-01-13 16:29:26,971 - DEBUG - Recording audio frame: 16 samples
2025-01-13 16:29:26,971 - DEBUG - Recording audio frame: 342 samples
2025-01-13 16:29:26,972 - DEBUG - Recording audio frame: 324 samples
2025-01-13 16:29:27,014 - DEBUG - Recording audio frame: 342 samples
2025-01-13 16:29:27,014 - DEBUG - Recording audio frame: 16 samples
2025-01-13 16:29:27,015 - DEBUG - Recording audio frame: 324 samples
2025-01-13 16:29:27,057 - DEBUG - Recording audio frame: 342 samples
2025-01-13 16:29:27,057 - DEBUG - Recording audio frame: 340 samples
2025-01-13 16:29:27,099 - DEBUG - Recording audio frame: 18 samples
2025-01-13 16:29:27,100 - DEBUG - Recording audio frame: 342 samples
2025-01-13 16:29:27,100 - DEBUG - Recording audio frame: 322 samples
2025-01-13 16:29:27,142 - DEBUG - Recording audio frame: 342 samples
2025-01-13 16:29:27,142 - DEBUG - Recording audio frame: 18 samples
2025-01-13 16:29:27,143 - DEBUG - Recording audio frame: 322 samples
2025-01-13 16:29:27,185 - DEBUG - Recording audio frame: 342 samples
2025-01-13 16:29:27,185 - DEBUG - Recording audio frame: 340 samples
2025-01-13 16:29:27,227 - DEBUG - Recording audio frame: 20 samples
2025-01-13 16:29:27,228 - DEBUG - Recording audio frame: 342 samples
2025-01-13 16:29:27,228 - DEBUG - Recording audio frame: 320 samples
2025-01-13 16:29:27,270 - DEBUG - Recording audio frame: 342 samples
2025-01-13 16:29:27,270 - DEBUG - Recording audio frame: 20 samples
2025-01-13 16:29:27,271 - DEBUG - Recording audio frame: 320 samples
2025-01-13 16:29:27,313 - DEBUG - Recording audio frame: 342 samples
2025-01-13 16:29:27,313 - DEBUG - Recording audio frame: 340 samples
2025-01-13 16:29:27,355 - DEBUG - Recording audio frame: 22 samples
2025-01-13 16:29:27,355 - DEBUG - Recording audio frame: 342 samples
2025-01-13 16:29:27,356 - DEBUG - Recording audio frame: 318 samples
2025-01-13 16:29:27,398 - DEBUG - Recording audio frame: 342 samples
2025-01-13 16:29:27,399 - DEBUG - Recording audio frame: 22 samples
2025-01-13 16:29:27,399 - DEBUG - Recording audio frame: 318 samples
2025-01-13 16:29:27,440 - DEBUG - Recording audio frame: 342 samples
2025-01-13 16:29:27,440 - DEBUG - Recording audio frame: 340 samples
2025-01-13 16:29:27,462 - DEBUG - Recording audio frame: 24 samples
2025-01-13 16:29:27,462 - DEBUG - Recording audio frame: 317 samples
2025-01-13 16:29:27,504 - DEBUG - Recording audio frame: 342 samples
2025-01-13 16:29:27,504 - DEBUG - Recording audio frame: 340 samples
2025-01-13 16:29:27,526 - DEBUG - Recording audio frame: 25 samples
2025-01-13 16:29:27,527 - DEBUG - Recording audio frame: 316 samples
2025-01-13 16:29:27,569 - DEBUG - Recording audio frame: 342 samples
2025-01-13 16:29:27,569 - DEBUG - Recording audio frame: 340 samples
2025-01-13 16:29:27,611 - DEBUG - Recording audio frame: 26 samples
2025-01-13 16:29:27,612 - DEBUG - Recording audio frame: 342 samples
2025-01-13 16:29:27,612 - DEBUG - Recording audio frame: 314 samples
2025-01-13 16:29:27,654 - DEBUG - Recording audio frame: 342 samples
2025-01-13 16:29:27,654 - DEBUG - Recording audio frame: 26 samples
2025-01-13 16:29:27,654 - DEBUG - Recording audio frame: 314 samples
2025-01-13 16:29:27,696 - DEBUG - Recording audio frame: 342 samples
2025-01-13 16:29:27,697 - DEBUG - Recording audio frame: 340 samples
2025-01-13 16:29:27,739 - DEBUG - Recording audio frame: 28 samples
2025-01-13 16:29:27,739 - DEBUG - Recording audio frame: 342 samples
2025-01-13 16:29:27,740 - DEBUG - Recording audio frame: 312 samples
2025-01-13 16:29:27,782 - DEBUG - Recording audio frame: 342 samples
2025-01-13 16:29:27,782 - DEBUG - Recording audio frame: 28 samples
2025-01-13 16:29:27,783 - DEBUG - Recording audio frame: 312 samples
2025-01-13 16:29:27,825 - DEBUG - Recording audio frame: 342 samples
2025-01-13 16:29:27,825 - DEBUG - Recording audio frame: 340 samples
2025-01-13 16:29:27,867 - DEBUG - Recording audio frame: 30 samples
2025-01-13 16:29:27,868 - DEBUG - Recording audio frame: 342 samples
2025-01-13 16:29:27,868 - DEBUG - Recording audio frame: 310 samples
2025-01-13 16:29:27,910 - DEBUG - Recording audio frame: 342 samples
2025-01-13 16:29:27,910 - DEBUG - Recording audio frame: 30 samples
2025-01-13 16:29:27,911 - DEBUG - Recording audio frame: 310 samples
2025-01-13 16:29:27,953 - DEBUG - Recording audio frame: 342 samples
2025-01-13 16:29:27,953 - DEBUG - Recording audio frame: 340 samples
2025-01-13 16:29:27,995 - DEBUG - Recording audio frame: 32 samples
2025-01-13 16:29:27,996 - DEBUG - Recording audio frame: 342 samples
2025-01-13 16:29:27,996 - DEBUG - Recording audio frame: 308 samples
2025-01-13 16:29:28,038 - DEBUG - Recording audio frame: 342 samples
2025-01-13 16:29:28,038 - DEBUG - Recording audio frame: 32 samples
2025-01-13 16:29:28,038 - DEBUG - Recording audio frame: 308 samples
2025-01-13 16:29:28,081 - DEBUG - Recording audio frame: 342 samples
2025-01-13 16:29:28,081 - DEBUG - Recording audio frame: 340 samples
2025-01-13 16:29:28,123 - DEBUG - Recording audio frame: 34 samples
2025-01-13 16:29:28,124 - DEBUG - Recording audio frame: 342 samples
2025-01-13 16:29:28,124 - DEBUG - Recording audio frame: 306 samples
2025-01-13 16:29:28,166 - DEBUG - Recording audio frame: 342 samples
2025-01-13 16:29:28,166 - DEBUG - Recording audio frame: 34 samples
2025-01-13 16:29:28,167 - DEBUG - Recording audio frame: 306 samples
2025-01-13 16:29:28,209 - DEBUG - Recording audio frame: 342 samples
2025-01-13 16:29:28,209 - DEBUG - Recording audio frame: 340 samples
2025-01-13 16:29:28,251 - DEBUG - Recording audio frame: 36 samples
2025-01-13 16:29:28,252 - DEBUG - Recording audio frame: 342 samples
2025-01-13 16:29:28,252 - DEBUG - Recording audio frame: 304 samples
2025-01-13 16:29:28,294 - DEBUG - Recording audio frame: 342 samples
2025-01-13 16:29:28,294 - DEBUG - Recording audio frame: 36 samples
2025-01-13 16:29:28,294 - DEBUG - Recording audio frame: 304 samples
2025-01-13 16:29:28,337 - DEBUG - Recording audio frame: 342 samples
2025-01-13 16:29:28,337 - DEBUG - Recording audio frame: 340 samples
2025-01-13 16:29:28,379 - DEBUG - Recording audio frame: 38 samples
2025-01-13 16:29:28,380 - DEBUG - Recording audio frame: 342 samples
2025-01-13 16:29:28,380 - DEBUG - Recording audio frame: 302 samples
2025-01-13 16:29:28,422 - DEBUG - Recording audio frame: 342 samples
2025-01-13 16:29:28,422 - DEBUG - Recording audio frame: 38 samples
2025-01-13 16:29:28,423 - DEBUG - Recording audio frame: 302 samples
2025-01-13 16:29:28,465 - DEBUG - Recording audio frame: 342 samples
2025-01-13 16:29:28,465 - DEBUG - Recording audio frame: 340 samples
2025-01-13 16:29:28,507 - DEBUG - Recording audio frame: 40 samples
2025-01-13 16:29:28,508 - DEBUG - Recording audio frame: 342 samples
2025-01-13 16:29:28,508 - DEBUG - Recording audio frame: 300 samples
2025-01-13 16:29:28,550 - DEBUG - Recording audio frame: 342 samples
2025-01-13 16:29:28,550 - DEBUG - Recording audio frame: 40 samples
2025-01-13 16:29:28,550 - DEBUG - Recording audio frame: 300 samples
2025-01-13 16:29:28,592 - DEBUG - Recording audio frame: 342 samples
2025-01-13 16:29:28,593 - DEBUG - Recording audio frame: 340 samples
2025-01-13 16:29:28,635 - DEBUG - Recording audio frame: 42 samples
2025-01-13 16:29:28,635 - DEBUG - Recording audio frame: 342 samples
2025-01-13 16:29:28,636 - DEBUG - Recording audio frame: 298 samples
2025-01-13 16:29:28,678 - DEBUG - Recording audio frame: 342 samples
2025-01-13 16:29:28,678 - DEBUG - Recording audio frame: 42 samples
2025-01-13 16:29:28,679 - DEBUG - Recording audio frame: 298 samples
2025-01-13 16:29:28,721 - DEBUG - Recording audio frame: 342 samples
2025-01-13 16:29:28,721 - DEBUG - Recording audio frame: 340 samples
2025-01-13 16:29:28,763 - DEBUG - Recording audio frame: 44 samples
2025-01-13 16:29:28,764 - DEBUG - Recording audio frame: 342 samples
2025-01-13 16:29:28,764 - DEBUG - Recording audio frame: 296 samples
2025-01-13 16:29:28,806 - DEBUG - Recording audio frame: 342 samples
2025-01-13 16:29:28,806 - DEBUG - Recording audio frame: 44 samples
2025-01-13 16:29:28,806 - DEBUG - Recording audio frame: 296 samples
2025-01-13 16:29:28,849 - DEBUG - Recording audio frame: 342 samples
2025-01-13 16:29:28,849 - DEBUG - Recording audio frame: 340 samples
2025-01-13 16:29:28,891 - DEBUG - Recording audio frame: 46 samples
2025-01-13 16:29:28,891 - DEBUG - Recording audio frame: 342 samples
2025-01-13 16:29:28,891 - DEBUG - Recording audio frame: 294 samples
2025-01-13 16:29:28,934 - DEBUG - Recording audio frame: 342 samples
2025-01-13 16:29:28,934 - DEBUG - Recording audio frame: 46 samples
2025-01-13 16:29:28,934 - DEBUG - Recording audio frame: 294 samples
2025-01-13 16:29:28,976 - DEBUG - Recording audio frame: 342 samples
2025-01-13 16:29:28,977 - DEBUG - Recording audio frame: 340 samples
2025-01-13 16:29:29,020 - DEBUG - Recording audio frame: 48 samples
2025-01-13 16:29:29,020 - DEBUG - Recording audio frame: 342 samples
2025-01-13 16:29:29,020 - DEBUG - Recording audio frame: 292 samples
2025-01-13 16:29:29,062 - DEBUG - Recording audio frame: 342 samples
2025-01-13 16:29:29,062 - DEBUG - Recording audio frame: 48 samples
2025-01-13 16:29:29,063 - DEBUG - Recording audio frame: 292 samples
2025-01-13 16:29:29,105 - DEBUG - Recording audio frame: 342 samples
2025-01-13 16:29:29,105 - DEBUG - Recording audio frame: 340 samples
2025-01-13 16:29:29,147 - DEBUG - Recording audio frame: 50 samples
2025-01-13 16:29:29,147 - DEBUG - Recording audio frame: 342 samples
2025-01-13 16:29:29,147 - DEBUG - Recording audio frame: 290 samples
2025-01-13 16:29:29,169 - DEBUG - Recording audio frame: 341 samples
2025-01-13 16:29:29,211 - DEBUG - Recording audio frame: 51 samples
2025-01-13 16:29:29,212 - DEBUG - Recording audio frame: 342 samples
2025-01-13 16:29:29,212 - DEBUG - Recording audio frame: 289 samples
2025-01-13 16:29:29,254 - DEBUG - Recording audio frame: 342 samples
2025-01-13 16:29:29,254 - DEBUG - Recording audio frame: 51 samples
2025-01-13 16:29:29,254 - DEBUG - Recording audio frame: 289 samples
2025-01-13 16:29:29,296 - DEBUG - Recording audio frame: 342 samples
2025-01-13 16:29:29,297 - DEBUG - Recording audio frame: 340 samples
2025-01-13 16:29:29,339 - DEBUG - Recording audio frame: 53 samples
2025-01-13 16:29:29,339 - DEBUG - Recording audio frame: 342 samples
2025-01-13 16:29:29,340 - DEBUG - Recording audio frame: 287 samples
2025-01-13 16:29:29,382 - DEBUG - Recording audio frame: 342 samples
2025-01-13 16:29:29,382 - DEBUG - Recording audio frame: 53 samples
2025-01-13 16:29:29,383 - DEBUG - Recording audio frame: 287 samples
2025-01-13 16:29:29,425 - DEBUG - Recording audio frame: 342 samples
2025-01-13 16:29:29,425 - DEBUG - Recording audio frame: 340 samples
2025-01-13 16:29:29,467 - DEBUG - Recording audio frame: 55 samples
2025-01-13 16:29:29,467 - DEBUG - Recording audio frame: 342 samples
2025-01-13 16:29:29,467 - DEBUG - Recording audio frame: 285 samples
2025-01-13 16:29:29,509 - DEBUG - Recording audio frame: 342 samples
2025-01-13 16:29:29,509 - DEBUG - Recording audio frame: 55 samples
2025-01-13 16:29:29,509 - DEBUG - Recording audio frame: 285 samples
2025-01-13 16:29:29,553 - DEBUG - Recording audio frame: 342 samples
2025-01-13 16:29:29,553 - DEBUG - Recording audio frame: 340 samples
2025-01-13 16:29:29,595 - DEBUG - Recording audio frame: 57 samples
2025-01-13 16:29:29,595 - DEBUG - Recording audio frame: 342 samples
2025-01-13 16:29:29,596 - DEBUG - Recording audio frame: 283 samples
2025-01-13 16:29:29,638 - DEBUG - Recording audio frame: 342 samples
2025-01-13 16:29:29,638 - DEBUG - Recording audio frame: 57 samples
2025-01-13 16:29:29,638 - DEBUG - Recording audio frame: 283 samples
2025-01-13 16:29:29,681 - DEBUG - Recording audio frame: 342 samples
2025-01-13 16:29:29,681 - DEBUG - Recording audio frame: 340 samples
2025-01-13 16:29:29,723 - DEBUG - Recording audio frame: 59 samples
2025-01-13 16:29:29,724 - DEBUG - Recording audio frame: 342 samples
2025-01-13 16:29:29,724 - DEBUG - Recording audio frame: 281 samples
2025-01-13 16:29:29,766 - DEBUG - Recording audio frame: 342 samples
2025-01-13 16:29:29,766 - DEBUG - Recording audio frame: 59 samples
2025-01-13 16:29:29,767 - DEBUG - Recording audio frame: 281 samples
2025-01-13 16:29:29,809 - DEBUG - Recording audio frame: 342 samples
2025-01-13 16:29:29,809 - DEBUG - Recording audio frame: 340 samples
2025-01-13 16:29:29,851 - DEBUG - Recording audio frame: 61 samples
2025-01-13 16:29:29,852 - DEBUG - Recording audio frame: 342 samples
2025-01-13 16:29:29,852 - DEBUG - Recording audio frame: 279 samples
2025-01-13 16:29:29,894 - DEBUG - Recording audio frame: 342 samples
2025-01-13 16:29:29,895 - DEBUG - Recording audio frame: 61 samples
2025-01-13 16:29:29,895 - DEBUG - Recording audio frame: 279 samples
2025-01-13 16:29:29,937 - DEBUG - Recording audio frame: 342 samples
2025-01-13 16:29:29,937 - DEBUG - Recording audio frame: 340 samples
2025-01-13 16:29:29,979 - DEBUG - Recording audio frame: 63 samples
2025-01-13 16:29:29,980 - DEBUG - Recording audio frame: 342 samples
2025-01-13 16:29:29,980 - DEBUG - Recording audio frame: 277 samples
2025-01-13 16:29:30,022 - DEBUG - Recording audio frame: 342 samples
2025-01-13 16:29:30,022 - DEBUG - Recording audio frame: 63 samples
2025-01-13 16:29:30,023 - DEBUG - Recording audio frame: 277 samples
2025-01-13 16:29:30,064 - DEBUG - Recording audio frame: 342 samples
2025-01-13 16:29:30,065 - DEBUG - Recording audio frame: 340 samples
2025-01-13 16:29:30,108 - DEBUG - Recording audio frame: 65 samples
2025-01-13 16:29:30,108 - DEBUG - Recording audio frame: 342 samples
2025-01-13 16:29:30,108 - DEBUG - Recording audio frame: 275 samples
2025-01-13 16:29:30,150 - DEBUG - Recording audio frame: 342 samples
2025-01-13 16:29:30,150 - DEBUG - Recording audio frame: 65 samples
2025-01-13 16:29:30,150 - DEBUG - Recording audio frame: 275 samples
2025-01-13 16:29:30,193 - DEBUG - Recording audio frame: 342 samples
2025-01-13 16:29:30,193 - DEBUG - Recording audio frame: 340 samples
2025-01-13 16:29:30,235 - DEBUG - Recording audio frame: 67 samples
2025-01-13 16:29:30,235 - DEBUG - Recording audio frame: 342 samples
2025-01-13 16:29:30,236 - DEBUG - Recording audio frame: 273 samples
2025-01-13 16:29:30,278 - DEBUG - Recording audio frame: 342 samples
2025-01-13 16:29:30,278 - DEBUG - Recording audio frame: 67 samples
2025-01-13 16:29:30,279 - DEBUG - Recording audio frame: 273 samples
2025-01-13 16:29:30,321 - DEBUG - Recording audio frame: 342 samples
2025-01-13 16:29:30,321 - DEBUG - Recording audio frame: 340 samples
2025-01-13 16:29:30,364 - DEBUG - Processing 274 audio chunks
2025-01-13 16:29:30,365 - DEBUG - Audio array shape: (70587, 1)
2025-01-13 16:29:30,365 - INFO - Processing audio with duration 00:04.412
2025-01-13 16:29:30,379 - DEBUG - Processing segment at 00:00.000
2025-01-13 16:29:30,795 - DEBUG - Transcription complete:  I'll see you in the next video.
2025-01-13 16:29:30,795 - DEBUG - Received transcription signal with text: I'll see you in the next video.
2025-01-13 16:29:30,795 - DEBUG - Updating UI with text: I'll see you in the next video.
2025-01-13 16:29:30,795 - DEBUG - UI update complete
2025-01-13 16:30:44,585 - DEBUG - AudioRecorder thread started
2025-01-13 16:30:44,796 - DEBUG - Recording audio frame: 341 samples
2025-01-13 16:30:44,818 - DEBUG - Recording audio frame: 341 samples
2025-01-13 16:30:44,861 - DEBUG - Recording audio frame: 342 samples
2025-01-13 16:30:44,861 - DEBUG - Recording audio frame: 340 samples
2025-01-13 16:30:44,903 - DEBUG - Recording audio frame: 342 samples
2025-01-13 16:30:44,904 - DEBUG - Recording audio frame: 340 samples
2025-01-13 16:30:44,946 - DEBUG - Recording audio frame: 2 samples
2025-01-13 16:30:44,947 - DEBUG - Recording audio frame: 342 samples
2025-01-13 16:30:44,947 - DEBUG - Recording audio frame: 338 samples
2025-01-13 16:30:44,989 - DEBUG - Recording audio frame: 342 samples
2025-01-13 16:30:44,989 - DEBUG - Recording audio frame: 2 samples
2025-01-13 16:30:44,990 - DEBUG - Recording audio frame: 338 samples
2025-01-13 16:30:45,032 - DEBUG - Recording audio frame: 342 samples
2025-01-13 16:30:45,032 - DEBUG - Recording audio frame: 340 samples
2025-01-13 16:30:45,074 - DEBUG - Recording audio frame: 4 samples
2025-01-13 16:30:45,075 - DEBUG - Recording audio frame: 342 samples
2025-01-13 16:30:45,075 - DEBUG - Recording audio frame: 336 samples
2025-01-13 16:30:45,117 - DEBUG - Recording audio frame: 342 samples
2025-01-13 16:30:45,117 - DEBUG - Recording audio frame: 4 samples
2025-01-13 16:30:45,118 - DEBUG - Recording audio frame: 336 samples
2025-01-13 16:30:45,160 - DEBUG - Recording audio frame: 342 samples
2025-01-13 16:30:45,160 - DEBUG - Recording audio frame: 340 samples
2025-01-13 16:30:45,202 - DEBUG - Recording audio frame: 6 samples
2025-01-13 16:30:45,203 - DEBUG - Recording audio frame: 342 samples
2025-01-13 16:30:45,203 - DEBUG - Recording audio frame: 334 samples
2025-01-13 16:30:45,245 - DEBUG - Recording audio frame: 342 samples
2025-01-13 16:30:45,245 - DEBUG - Recording audio frame: 6 samples
2025-01-13 16:30:45,246 - DEBUG - Recording audio frame: 334 samples
2025-01-13 16:30:45,288 - DEBUG - Recording audio frame: 342 samples
2025-01-13 16:30:45,288 - DEBUG - Recording audio frame: 340 samples
2025-01-13 16:30:45,330 - DEBUG - Recording audio frame: 8 samples
2025-01-13 16:30:45,330 - DEBUG - Recording audio frame: 342 samples
2025-01-13 16:30:45,331 - DEBUG - Recording audio frame: 332 samples
2025-01-13 16:30:45,373 - DEBUG - Recording audio frame: 342 samples
2025-01-13 16:30:45,373 - DEBUG - Recording audio frame: 8 samples
2025-01-13 16:30:45,373 - DEBUG - Recording audio frame: 332 samples
2025-01-13 16:30:45,415 - DEBUG - Recording audio frame: 342 samples
2025-01-13 16:30:45,416 - DEBUG - Recording audio frame: 340 samples
2025-01-13 16:30:45,458 - DEBUG - Recording audio frame: 10 samples
2025-01-13 16:30:45,458 - DEBUG - Recording audio frame: 342 samples
2025-01-13 16:30:45,458 - DEBUG - Recording audio frame: 330 samples
2025-01-13 16:30:45,500 - DEBUG - Recording audio frame: 342 samples
2025-01-13 16:30:45,501 - DEBUG - Recording audio frame: 10 samples
2025-01-13 16:30:45,501 - DEBUG - Recording audio frame: 330 samples
2025-01-13 16:30:45,543 - DEBUG - Recording audio frame: 342 samples
2025-01-13 16:30:45,544 - DEBUG - Recording audio frame: 340 samples
2025-01-13 16:30:45,586 - DEBUG - Recording audio frame: 12 samples
2025-01-13 16:30:45,587 - DEBUG - Recording audio frame: 342 samples
2025-01-13 16:30:45,587 - DEBUG - Recording audio frame: 328 samples
2025-01-13 16:30:45,629 - DEBUG - Recording audio frame: 342 samples
2025-01-13 16:30:45,629 - DEBUG - Recording audio frame: 12 samples
2025-01-13 16:30:45,630 - DEBUG - Recording audio frame: 328 samples
2025-01-13 16:30:45,672 - DEBUG - Recording audio frame: 342 samples
2025-01-13 16:30:45,672 - DEBUG - Recording audio frame: 340 samples
2025-01-13 16:30:45,714 - DEBUG - Recording audio frame: 14 samples
2025-01-13 16:30:45,715 - DEBUG - Recording audio frame: 342 samples
2025-01-13 16:30:45,715 - DEBUG - Recording audio frame: 326 samples
2025-01-13 16:30:45,757 - DEBUG - Recording audio frame: 342 samples
2025-01-13 16:30:45,757 - DEBUG - Recording audio frame: 14 samples
2025-01-13 16:30:45,758 - DEBUG - Recording audio frame: 326 samples
2025-01-13 16:30:45,800 - DEBUG - Recording audio frame: 342 samples
2025-01-13 16:30:45,800 - DEBUG - Recording audio frame: 340 samples
2025-01-13 16:30:45,842 - DEBUG - Recording audio frame: 16 samples
2025-01-13 16:30:45,842 - DEBUG - Recording audio frame: 342 samples
2025-01-13 16:30:45,843 - DEBUG - Recording audio frame: 324 samples
2025-01-13 16:30:45,885 - DEBUG - Recording audio frame: 342 samples
2025-01-13 16:30:45,885 - DEBUG - Recording audio frame: 16 samples
2025-01-13 16:30:45,885 - DEBUG - Recording audio frame: 324 samples
2025-01-13 16:30:45,927 - DEBUG - Recording audio frame: 342 samples
2025-01-13 16:30:45,928 - DEBUG - Recording audio frame: 340 samples
2025-01-13 16:30:45,970 - DEBUG - Recording audio frame: 18 samples
2025-01-13 16:30:45,970 - DEBUG - Recording audio frame: 342 samples
2025-01-13 16:30:45,970 - DEBUG - Recording audio frame: 322 samples
2025-01-13 16:30:46,012 - DEBUG - Recording audio frame: 342 samples
2025-01-13 16:30:46,013 - DEBUG - Recording audio frame: 18 samples
2025-01-13 16:30:46,013 - DEBUG - Recording audio frame: 322 samples
2025-01-13 16:30:46,055 - DEBUG - Recording audio frame: 342 samples
2025-01-13 16:30:46,056 - DEBUG - Recording audio frame: 340 samples
2025-01-13 16:30:46,098 - DEBUG - Recording audio frame: 20 samples
2025-01-13 16:30:46,099 - DEBUG - Recording audio frame: 342 samples
2025-01-13 16:30:46,099 - DEBUG - Recording audio frame: 320 samples
2025-01-13 16:30:46,141 - DEBUG - Recording audio frame: 342 samples
2025-01-13 16:30:46,142 - DEBUG - Recording audio frame: 20 samples
2025-01-13 16:30:46,142 - DEBUG - Recording audio frame: 320 samples
2025-01-13 16:30:46,183 - DEBUG - Recording audio frame: 342 samples
2025-01-13 16:30:46,183 - DEBUG - Recording audio frame: 340 samples
2025-01-13 16:30:46,226 - DEBUG - Recording audio frame: 22 samples
2025-01-13 16:30:46,226 - DEBUG - Recording audio frame: 342 samples
2025-01-13 16:30:46,226 - DEBUG - Recording audio frame: 318 samples
2025-01-13 16:30:46,269 - DEBUG - Recording audio frame: 342 samples
2025-01-13 16:30:46,269 - DEBUG - Recording audio frame: 22 samples
2025-01-13 16:30:46,270 - DEBUG - Recording audio frame: 318 samples
2025-01-13 16:30:46,312 - DEBUG - Recording audio frame: 342 samples
2025-01-13 16:30:46,312 - DEBUG - Recording audio frame: 340 samples
2025-01-13 16:30:46,354 - DEBUG - Recording audio frame: 24 samples
2025-01-13 16:30:46,355 - DEBUG - Recording audio frame: 342 samples
2025-01-13 16:30:46,355 - DEBUG - Recording audio frame: 316 samples
2025-01-13 16:30:46,397 - DEBUG - Recording audio frame: 342 samples
2025-01-13 16:30:46,397 - DEBUG - Recording audio frame: 24 samples
2025-01-13 16:30:46,398 - DEBUG - Recording audio frame: 316 samples
2025-01-13 16:30:46,440 - DEBUG - Recording audio frame: 342 samples
2025-01-13 16:30:46,440 - DEBUG - Recording audio frame: 340 samples
2025-01-13 16:30:46,482 - DEBUG - Recording audio frame: 26 samples
2025-01-13 16:30:46,483 - DEBUG - Recording audio frame: 342 samples
2025-01-13 16:30:46,483 - DEBUG - Recording audio frame: 314 samples
2025-01-13 16:30:46,525 - DEBUG - Recording audio frame: 342 samples
2025-01-13 16:30:46,525 - DEBUG - Recording audio frame: 26 samples
2025-01-13 16:30:46,525 - DEBUG - Recording audio frame: 314 samples
2025-01-13 16:30:46,568 - DEBUG - Recording audio frame: 342 samples
2025-01-13 16:30:46,568 - DEBUG - Recording audio frame: 340 samples
2025-01-13 16:30:46,610 - DEBUG - Recording audio frame: 28 samples
2025-01-13 16:30:46,610 - DEBUG - Recording audio frame: 342 samples
2025-01-13 16:30:46,610 - DEBUG - Recording audio frame: 312 samples
2025-01-13 16:30:46,653 - DEBUG - Recording audio frame: 342 samples
2025-01-13 16:30:46,653 - DEBUG - Recording audio frame: 28 samples
2025-01-13 16:30:46,653 - DEBUG - Recording audio frame: 312 samples
2025-01-13 16:30:46,695 - DEBUG - Recording audio frame: 342 samples
2025-01-13 16:30:46,696 - DEBUG - Recording audio frame: 340 samples
2025-01-13 16:30:46,738 - DEBUG - Recording audio frame: 30 samples
2025-01-13 16:30:46,739 - DEBUG - Recording audio frame: 342 samples
2025-01-13 16:30:46,739 - DEBUG - Recording audio frame: 310 samples
2025-01-13 16:30:46,781 - DEBUG - Recording audio frame: 342 samples
2025-01-13 16:30:46,781 - DEBUG - Recording audio frame: 30 samples
2025-01-13 16:30:46,782 - DEBUG - Recording audio frame: 310 samples
2025-01-13 16:30:46,824 - DEBUG - Recording audio frame: 342 samples
2025-01-13 16:30:46,824 - DEBUG - Recording audio frame: 340 samples
2025-01-13 16:30:46,866 - DEBUG - Recording audio frame: 32 samples
2025-01-13 16:30:46,867 - DEBUG - Recording audio frame: 342 samples
2025-01-13 16:30:46,867 - DEBUG - Recording audio frame: 308 samples
2025-01-13 16:30:46,909 - DEBUG - Recording audio frame: 342 samples
2025-01-13 16:30:46,909 - DEBUG - Recording audio frame: 32 samples
2025-01-13 16:30:46,910 - DEBUG - Recording audio frame: 308 samples
2025-01-13 16:30:46,952 - DEBUG - Recording audio frame: 342 samples
2025-01-13 16:30:46,952 - DEBUG - Recording audio frame: 340 samples
2025-01-13 16:30:46,994 - DEBUG - Recording audio frame: 34 samples
2025-01-13 16:30:46,995 - DEBUG - Recording audio frame: 342 samples
2025-01-13 16:30:46,995 - DEBUG - Recording audio frame: 306 samples
2025-01-13 16:30:47,036 - DEBUG - Recording audio frame: 342 samples
2025-01-13 16:30:47,037 - DEBUG - Recording audio frame: 34 samples
2025-01-13 16:30:47,037 - DEBUG - Recording audio frame: 306 samples
2025-01-13 16:30:47,079 - DEBUG - Recording audio frame: 342 samples
2025-01-13 16:30:47,080 - DEBUG - Recording audio frame: 340 samples
2025-01-13 16:30:47,122 - DEBUG - Recording audio frame: 36 samples
2025-01-13 16:30:47,122 - DEBUG - Recording audio frame: 342 samples
2025-01-13 16:30:47,122 - DEBUG - Recording audio frame: 304 samples
2025-01-13 16:30:47,164 - DEBUG - Recording audio frame: 342 samples
2025-01-13 16:30:47,165 - DEBUG - Recording audio frame: 36 samples
2025-01-13 16:30:47,165 - DEBUG - Recording audio frame: 304 samples
2025-01-13 16:30:47,207 - DEBUG - Recording audio frame: 342 samples
2025-01-13 16:30:47,208 - DEBUG - Recording audio frame: 340 samples
2025-01-13 16:30:47,250 - DEBUG - Recording audio frame: 38 samples
2025-01-13 16:30:47,251 - DEBUG - Recording audio frame: 342 samples
2025-01-13 16:30:47,251 - DEBUG - Recording audio frame: 302 samples
2025-01-13 16:30:47,293 - DEBUG - Recording audio frame: 342 samples
2025-01-13 16:30:47,293 - DEBUG - Recording audio frame: 38 samples
2025-01-13 16:30:47,294 - DEBUG - Recording audio frame: 302 samples
2025-01-13 16:30:47,336 - DEBUG - Recording audio frame: 342 samples
2025-01-13 16:30:47,336 - DEBUG - Recording audio frame: 340 samples
2025-01-13 16:30:47,378 - DEBUG - Recording audio frame: 40 samples
2025-01-13 16:30:47,378 - DEBUG - Recording audio frame: 342 samples
2025-01-13 16:30:47,379 - DEBUG - Recording audio frame: 300 samples
2025-01-13 16:30:47,421 - DEBUG - Recording audio frame: 342 samples
2025-01-13 16:30:47,422 - DEBUG - Recording audio frame: 40 samples
2025-01-13 16:30:47,422 - DEBUG - Recording audio frame: 300 samples
2025-01-13 16:30:47,464 - DEBUG - Recording audio frame: 342 samples
2025-01-13 16:30:47,464 - DEBUG - Recording audio frame: 340 samples
2025-01-13 16:30:47,506 - DEBUG - Recording audio frame: 42 samples
2025-01-13 16:30:47,507 - DEBUG - Recording audio frame: 342 samples
2025-01-13 16:30:47,507 - DEBUG - Recording audio frame: 298 samples
2025-01-13 16:30:47,548 - DEBUG - Recording audio frame: 342 samples
2025-01-13 16:30:47,549 - DEBUG - Recording audio frame: 42 samples
2025-01-13 16:30:47,549 - DEBUG - Recording audio frame: 298 samples
2025-01-13 16:30:47,591 - DEBUG - Recording audio frame: 342 samples
2025-01-13 16:30:47,591 - DEBUG - Recording audio frame: 340 samples
2025-01-13 16:30:47,634 - DEBUG - Recording audio frame: 44 samples
2025-01-13 16:30:47,635 - DEBUG - Recording audio frame: 342 samples
2025-01-13 16:30:47,635 - DEBUG - Recording audio frame: 296 samples
2025-01-13 16:30:47,677 - DEBUG - Recording audio frame: 342 samples
2025-01-13 16:30:47,677 - DEBUG - Recording audio frame: 44 samples
2025-01-13 16:30:47,678 - DEBUG - Recording audio frame: 296 samples
2025-01-13 16:30:47,720 - DEBUG - Recording audio frame: 342 samples
2025-01-13 16:30:47,720 - DEBUG - Recording audio frame: 340 samples
2025-01-13 16:30:47,762 - DEBUG - Recording audio frame: 46 samples
2025-01-13 16:30:47,762 - DEBUG - Recording audio frame: 342 samples
2025-01-13 16:30:47,763 - DEBUG - Recording audio frame: 294 samples
2025-01-13 16:30:47,805 - DEBUG - Recording audio frame: 342 samples
2025-01-13 16:30:47,805 - DEBUG - Recording audio frame: 46 samples
2025-01-13 16:30:47,805 - DEBUG - Recording audio frame: 294 samples
2025-01-13 16:30:47,847 - DEBUG - Recording audio frame: 342 samples
2025-01-13 16:30:47,848 - DEBUG - Recording audio frame: 340 samples
2025-01-13 16:30:47,891 - DEBUG - Recording audio frame: 48 samples
2025-01-13 16:30:47,891 - DEBUG - Recording audio frame: 342 samples
2025-01-13 16:30:47,891 - DEBUG - Recording audio frame: 292 samples
2025-01-13 16:30:47,933 - DEBUG - Recording audio frame: 342 samples
2025-01-13 16:30:47,934 - DEBUG - Recording audio frame: 48 samples
2025-01-13 16:30:47,934 - DEBUG - Recording audio frame: 292 samples
2025-01-13 16:30:47,976 - DEBUG - Recording audio frame: 342 samples
2025-01-13 16:30:47,976 - DEBUG - Recording audio frame: 340 samples
2025-01-13 16:30:48,018 - DEBUG - Recording audio frame: 50 samples
2025-01-13 16:30:48,018 - DEBUG - Recording audio frame: 342 samples
2025-01-13 16:30:48,018 - DEBUG - Recording audio frame: 290 samples
2025-01-13 16:30:48,061 - DEBUG - Recording audio frame: 342 samples
2025-01-13 16:30:48,061 - DEBUG - Recording audio frame: 50 samples
2025-01-13 16:30:48,062 - DEBUG - Recording audio frame: 290 samples
2025-01-13 16:30:48,104 - DEBUG - Recording audio frame: 342 samples
2025-01-13 16:30:48,104 - DEBUG - Recording audio frame: 340 samples
2025-01-13 16:30:48,146 - DEBUG - Recording audio frame: 52 samples
2025-01-13 16:30:48,146 - DEBUG - Recording audio frame: 342 samples
2025-01-13 16:30:48,147 - DEBUG - Recording audio frame: 288 samples
2025-01-13 16:30:48,189 - DEBUG - Recording audio frame: 342 samples
2025-01-13 16:30:48,189 - DEBUG - Recording audio frame: 52 samples
2025-01-13 16:30:48,189 - DEBUG - Recording audio frame: 288 samples
2025-01-13 16:30:48,231 - DEBUG - Recording audio frame: 342 samples
2025-01-13 16:30:48,231 - DEBUG - Recording audio frame: 340 samples
2025-01-13 16:30:48,274 - DEBUG - Recording audio frame: 54 samples
2025-01-13 16:30:48,274 - DEBUG - Recording audio frame: 342 samples
2025-01-13 16:30:48,274 - DEBUG - Recording audio frame: 286 samples
2025-01-13 16:30:48,316 - DEBUG - Recording audio frame: 342 samples
2025-01-13 16:30:48,317 - DEBUG - Recording audio frame: 54 samples
2025-01-13 16:30:48,317 - DEBUG - Recording audio frame: 286 samples
2025-01-13 16:30:48,359 - DEBUG - Recording audio frame: 342 samples
2025-01-13 16:30:48,359 - DEBUG - Recording audio frame: 340 samples
2025-01-13 16:30:48,402 - DEBUG - Recording audio frame: 56 samples
2025-01-13 16:30:48,403 - DEBUG - Recording audio frame: 342 samples
2025-01-13 16:30:48,403 - DEBUG - Recording audio frame: 284 samples
2025-01-13 16:30:48,445 - DEBUG - Recording audio frame: 342 samples
2025-01-13 16:30:48,445 - DEBUG - Recording audio frame: 56 samples
2025-01-13 16:30:48,446 - DEBUG - Recording audio frame: 284 samples
2025-01-13 16:30:48,488 - DEBUG - Recording audio frame: 342 samples
2025-01-13 16:30:48,488 - DEBUG - Recording audio frame: 340 samples
2025-01-13 16:30:48,530 - DEBUG - Recording audio frame: 58 samples
2025-01-13 16:30:48,531 - DEBUG - Recording audio frame: 342 samples
2025-01-13 16:30:48,531 - DEBUG - Recording audio frame: 282 samples
2025-01-13 16:30:48,573 - DEBUG - Recording audio frame: 342 samples
2025-01-13 16:30:48,573 - DEBUG - Recording audio frame: 58 samples
2025-01-13 16:30:48,574 - DEBUG - Recording audio frame: 282 samples
2025-01-13 16:30:48,616 - DEBUG - Recording audio frame: 342 samples
2025-01-13 16:30:48,616 - DEBUG - Recording audio frame: 340 samples
2025-01-13 16:30:48,658 - DEBUG - Recording audio frame: 60 samples
2025-01-13 16:30:48,659 - DEBUG - Recording audio frame: 342 samples
2025-01-13 16:30:48,659 - DEBUG - Recording audio frame: 280 samples
2025-01-13 16:30:48,700 - DEBUG - Recording audio frame: 342 samples
2025-01-13 16:30:48,701 - DEBUG - Recording audio frame: 60 samples
2025-01-13 16:30:48,701 - DEBUG - Recording audio frame: 280 samples
2025-01-13 16:30:48,743 - DEBUG - Recording audio frame: 342 samples
2025-01-13 16:30:48,743 - DEBUG - Recording audio frame: 340 samples
2025-01-13 16:30:48,786 - DEBUG - Recording audio frame: 62 samples
2025-01-13 16:30:48,787 - DEBUG - Recording audio frame: 342 samples
2025-01-13 16:30:48,787 - DEBUG - Recording audio frame: 278 samples
2025-01-13 16:30:48,829 - DEBUG - Recording audio frame: 342 samples
2025-01-13 16:30:48,830 - DEBUG - Recording audio frame: 62 samples
2025-01-13 16:30:48,830 - DEBUG - Recording audio frame: 278 samples
2025-01-13 16:30:48,872 - DEBUG - Processing 252 audio chunks
2025-01-13 16:30:48,873 - DEBUG - Audio array shape: (64790, 1)
2025-01-13 16:30:48,874 - INFO - Processing audio with duration 00:04.049
2025-01-13 16:30:48,879 - DEBUG - Processing segment at 00:00.000
2025-01-13 16:30:49,386 - DEBUG - Transcription complete:  I'm going to show you how to do this.  I'm going to show you how to do this.
2025-01-13 16:30:49,386 - DEBUG - Received transcription signal with text: I'm going to show you how to do this.  I'm going to show you how to do this.
2025-01-13 16:30:49,386 - DEBUG - Updating UI with text: I'm going to show you how to do this.  I'm going to show you how to do this.
2025-01-13 16:30:49,386 - DEBUG - UI update complete
